Analysis & Synthesis report for simple_1
Tue Nov 15 13:57:40 2022
Quartus Prime Version 21.1.1 Build 850 06/23/2022 SJ Lite Edition


---------------------
; Table of Contents ;
---------------------
  1. Legal Notice
  2. Analysis & Synthesis Summary
  3. Analysis & Synthesis Settings
  4. Parallel Compilation
  5. Analysis & Synthesis Source Files Read
  6. Analysis & Synthesis Resource Usage Summary
  7. Analysis & Synthesis Resource Utilization by Entity
  8. Registers Removed During Synthesis
  9. General Register Statistics
 10. Parameter Settings for User Entity Instance: simple_1:inst|signed_sub:inst3
 11. Parameter Settings for User Entity Instance: simple_1:inst|signed_adder:inst2
 12. Parameter Settings for User Entity Instance: simple_1:inst|signed_adder:inst
 13. Parameter Settings for User Entity Instance: simple_1:inst|signed_adder:inst1
 14. Parameter Settings for User Entity Instance: simple_1:inst1|signed_sub:inst3
 15. Parameter Settings for User Entity Instance: simple_1:inst1|signed_adder:inst2
 16. Parameter Settings for User Entity Instance: simple_1:inst1|signed_adder:inst
 17. Parameter Settings for User Entity Instance: simple_1:inst1|signed_adder:inst1
 18. Parameter Settings for User Entity Instance: simple_1:inst2|signed_sub:inst3
 19. Parameter Settings for User Entity Instance: simple_1:inst2|signed_adder:inst2
 20. Parameter Settings for User Entity Instance: simple_1:inst2|signed_adder:inst
 21. Parameter Settings for User Entity Instance: simple_1:inst2|signed_adder:inst1
 22. Parameter Settings for User Entity Instance: simple_1:inst3|signed_sub:inst3
 23. Parameter Settings for User Entity Instance: simple_1:inst3|signed_adder:inst2
 24. Parameter Settings for User Entity Instance: simple_1:inst3|signed_adder:inst
 25. Parameter Settings for User Entity Instance: simple_1:inst3|signed_adder:inst1
 26. Post-Synthesis Netlist Statistics for Top Partition
 27. Elapsed Time Per Partition
 28. Analysis & Synthesis Messages



----------------
; Legal Notice ;
----------------
Copyright (C) 2022  Intel Corporation. All rights reserved.
Your use of Intel Corporation's design tools, logic functions 
and other software and tools, and any partner logic 
functions, and any output files from any of the foregoing 
(including device programming or simulation files), and any 
associated documentation or information are expressly subject 
to the terms and conditions of the Intel Program License 
Subscription Agreement, the Intel Quartus Prime License Agreement,
the Intel FPGA IP License Agreement, or other applicable license
agreement, including, without limitation, that your use is for
the sole purpose of programming logic devices manufactured by
Intel and sold by Intel or its authorized distributors.  Please
refer to the applicable agreement for further details, at
https://fpgasoftware.intel.com/eula.



+-------------------------------------------------------------------------------+
; Analysis & Synthesis Summary                                                  ;
+---------------------------------+---------------------------------------------+
; Analysis & Synthesis Status     ; Successful - Tue Nov 15 13:57:40 2022       ;
; Quartus Prime Version           ; 21.1.1 Build 850 06/23/2022 SJ Lite Edition ;
; Revision Name                   ; simple_1                                    ;
; Top-level Entity Name           ; simple_3                                    ;
; Family                          ; Cyclone V                                   ;
; Logic utilization (in ALMs)     ; N/A                                         ;
; Total registers                 ; 80                                          ;
; Total pins                      ; 65                                          ;
; Total virtual pins              ; 0                                           ;
; Total block memory bits         ; 0                                           ;
; Total DSP Blocks                ; 0                                           ;
; Total HSSI RX PCSs              ; 0                                           ;
; Total HSSI PMA RX Deserializers ; 0                                           ;
; Total HSSI TX PCSs              ; 0                                           ;
; Total HSSI PMA TX Serializers   ; 0                                           ;
; Total PLLs                      ; 0                                           ;
; Total DLLs                      ; 0                                           ;
+---------------------------------+---------------------------------------------+


+---------------------------------------------------------------------------------------------------------------------------+
; Analysis & Synthesis Settings                                                                                             ;
+---------------------------------------------------------------------------------+--------------------+--------------------+
; Option                                                                          ; Setting            ; Default Value      ;
+---------------------------------------------------------------------------------+--------------------+--------------------+
; Device                                                                          ; 5CSEBA6U23I7       ;                    ;
; Top-level entity name                                                           ; simple_3           ; simple_1           ;
; Family name                                                                     ; Cyclone V          ; Cyclone V          ;
; Use smart compilation                                                           ; Off                ; Off                ;
; Enable parallel Assembler and Timing Analyzer during compilation                ; On                 ; On                 ;
; Enable compact report table                                                     ; Off                ; Off                ;
; Restructure Multiplexers                                                        ; Auto               ; Auto               ;
; MLAB Add Timing Constraints For Mixed-Port Feed-Through Mode Setting Don't Care ; Off                ; Off                ;
; Create Debugging Nodes for IP Cores                                             ; Off                ; Off                ;
; Preserve fewer node names                                                       ; On                 ; On                 ;
; Intel FPGA IP Evaluation Mode                                                   ; Enable             ; Enable             ;
; Verilog Version                                                                 ; Verilog_2001       ; Verilog_2001       ;
; VHDL Version                                                                    ; VHDL_1993          ; VHDL_1993          ;
; State Machine Processing                                                        ; Auto               ; Auto               ;
; Safe State Machine                                                              ; Off                ; Off                ;
; Extract Verilog State Machines                                                  ; On                 ; On                 ;
; Extract VHDL State Machines                                                     ; On                 ; On                 ;
; Ignore Verilog initial constructs                                               ; Off                ; Off                ;
; Iteration limit for constant Verilog loops                                      ; 5000               ; 5000               ;
; Iteration limit for non-constant Verilog loops                                  ; 250                ; 250                ;
; Add Pass-Through Logic to Inferred RAMs                                         ; On                 ; On                 ;
; Infer RAMs from Raw Logic                                                       ; On                 ; On                 ;
; Parallel Synthesis                                                              ; On                 ; On                 ;
; DSP Block Balancing                                                             ; Auto               ; Auto               ;
; NOT Gate Push-Back                                                              ; On                 ; On                 ;
; Power-Up Don't Care                                                             ; On                 ; On                 ;
; Remove Redundant Logic Cells                                                    ; Off                ; Off                ;
; Remove Duplicate Registers                                                      ; On                 ; On                 ;
; Ignore CARRY Buffers                                                            ; Off                ; Off                ;
; Ignore CASCADE Buffers                                                          ; Off                ; Off                ;
; Ignore GLOBAL Buffers                                                           ; Off                ; Off                ;
; Ignore ROW GLOBAL Buffers                                                       ; Off                ; Off                ;
; Ignore LCELL Buffers                                                            ; Off                ; Off                ;
; Ignore SOFT Buffers                                                             ; On                 ; On                 ;
; Limit AHDL Integers to 32 Bits                                                  ; Off                ; Off                ;
; Optimization Technique                                                          ; Balanced           ; Balanced           ;
; Carry Chain Length                                                              ; 70                 ; 70                 ;
; Auto Carry Chains                                                               ; On                 ; On                 ;
; Auto Open-Drain Pins                                                            ; On                 ; On                 ;
; Perform WYSIWYG Primitive Resynthesis                                           ; Off                ; Off                ;
; Auto ROM Replacement                                                            ; On                 ; On                 ;
; Auto RAM Replacement                                                            ; On                 ; On                 ;
; Auto DSP Block Replacement                                                      ; On                 ; On                 ;
; Auto Shift Register Replacement                                                 ; Auto               ; Auto               ;
; Allow Shift Register Merging across Hierarchies                                 ; Auto               ; Auto               ;
; Auto Clock Enable Replacement                                                   ; On                 ; On                 ;
; Strict RAM Replacement                                                          ; Off                ; Off                ;
; Allow Synchronous Control Signals                                               ; On                 ; On                 ;
; Force Use of Synchronous Clear Signals                                          ; Off                ; Off                ;
; Auto Resource Sharing                                                           ; Off                ; Off                ;
; Allow Any RAM Size For Recognition                                              ; Off                ; Off                ;
; Allow Any ROM Size For Recognition                                              ; Off                ; Off                ;
; Allow Any Shift Register Size For Recognition                                   ; Off                ; Off                ;
; Use LogicLock Constraints during Resource Balancing                             ; On                 ; On                 ;
; Ignore translate_off and synthesis_off directives                               ; Off                ; Off                ;
; Timing-Driven Synthesis                                                         ; On                 ; On                 ;
; Report Parameter Settings                                                       ; On                 ; On                 ;
; Report Source Assignments                                                       ; On                 ; On                 ;
; Report Connectivity Checks                                                      ; On                 ; On                 ;
; Ignore Maximum Fan-Out Assignments                                              ; Off                ; Off                ;
; Synchronization Register Chain Length                                           ; 3                  ; 3                  ;
; Power Optimization During Synthesis                                             ; Normal compilation ; Normal compilation ;
; HDL message level                                                               ; Level2             ; Level2             ;
; Suppress Register Optimization Related Messages                                 ; Off                ; Off                ;
; Number of Removed Registers Reported in Synthesis Report                        ; 5000               ; 5000               ;
; Number of Swept Nodes Reported in Synthesis Report                              ; 5000               ; 5000               ;
; Number of Inverted Registers Reported in Synthesis Report                       ; 100                ; 100                ;
; Clock MUX Protection                                                            ; On                 ; On                 ;
; Auto Gated Clock Conversion                                                     ; Off                ; Off                ;
; Block Design Naming                                                             ; Auto               ; Auto               ;
; SDC constraint protection                                                       ; Off                ; Off                ;
; Synthesis Effort                                                                ; Auto               ; Auto               ;
; Shift Register Replacement - Allow Asynchronous Clear Signal                    ; On                 ; On                 ;
; Pre-Mapping Resynthesis Optimization                                            ; Off                ; Off                ;
; Analysis & Synthesis Message Level                                              ; Medium             ; Medium             ;
; Disable Register Merging Across Hierarchies                                     ; Auto               ; Auto               ;
; Resource Aware Inference For Block RAM                                          ; On                 ; On                 ;
; Automatic Parallel Synthesis                                                    ; On                 ; On                 ;
; Partial Reconfiguration Bitstream ID                                            ; Off                ; Off                ;
+---------------------------------------------------------------------------------+--------------------+--------------------+


+------------------------------------------+
; Parallel Compilation                     ;
+----------------------------+-------------+
; Processors                 ; Number      ;
+----------------------------+-------------+
; Number detected on machine ; 4           ;
; Maximum allowed            ; 4           ;
;                            ;             ;
; Average used               ; 1.00        ;
; Maximum used               ; 4           ;
;                            ;             ;
; Usage by Processor         ; % Time Used ;
;     Processor 1            ; 100.0%      ;
;     Processors 2-4         ;   0.0%      ;
+----------------------------+-------------+


+----------------------------------------------------------------------------------------------------------------------------------------------------------------------------------------------+
; Analysis & Synthesis Source Files Read                                                                                                                                                       ;
+----------------------------------+-----------------+------------------------------------+------------------------------------------------------------------------------------------+---------+
; File Name with User-Entered Path ; Used in Netlist ; File Type                          ; File Name with Absolute Path                                                             ; Library ;
+----------------------------------+-----------------+------------------------------------+------------------------------------------------------------------------------------------+---------+
; signed_adder.vhd                 ; yes             ; User VHDL File                     ; /home/jm/github/captronic_formation_fpga_img_proc/quartus_proj/simple_1/signed_adder.vhd ;         ;
; simple_1.bdf                     ; yes             ; User Block Diagram/Schematic File  ; /home/jm/github/captronic_formation_fpga_img_proc/quartus_proj/simple_1/simple_1.bdf     ;         ;
; signed_sub.vhd                   ; yes             ; User VHDL File                     ; /home/jm/github/captronic_formation_fpga_img_proc/quartus_proj/simple_1/signed_sub.vhd   ;         ;
; simple_3.bdf                     ; yes             ; User Block Diagram/Schematic File  ; /home/jm/github/captronic_formation_fpga_img_proc/quartus_proj/simple_1/simple_3.bdf     ;         ;
+----------------------------------+-----------------+------------------------------------+------------------------------------------------------------------------------------------+---------+


+---------------------------------------------------------+
; Analysis & Synthesis Resource Usage Summary             ;
+---------------------------------------------+-----------+
; Resource                                    ; Usage     ;
+---------------------------------------------+-----------+
; Estimate of Logic utilization (ALMs needed) ; 40        ;
;                                             ;           ;
; Combinational ALUT usage for logic          ; 32        ;
;     -- 7 input functions                    ; 0         ;
;     -- 6 input functions                    ; 0         ;
;     -- 5 input functions                    ; 0         ;
;     -- 4 input functions                    ; 0         ;
;     -- <=3 input functions                  ; 32        ;
;                                             ;           ;
; Dedicated logic registers                   ; 80        ;
;                                             ;           ;
; I/O pins                                    ; 65        ;
;                                             ;           ;
; Total DSP Blocks                            ; 0         ;
;                                             ;           ;
; Maximum fan-out node                        ; clk~input ;
; Maximum fan-out                             ; 80        ;
; Total fan-out                               ; 349       ;
; Average fan-out                             ; 1.44      ;
+---------------------------------------------+-----------+


+-----------------------------------------------------------------------------------------------------------------------------------------------------------------------------------------------------------------+
; Analysis & Synthesis Resource Utilization by Entity                                                                                                                                                             ;
+----------------------------+---------------------+---------------------------+-------------------+------------+------+--------------+---------------------------------------------+--------------+--------------+
; Compilation Hierarchy Node ; Combinational ALUTs ; Dedicated Logic Registers ; Block Memory Bits ; DSP Blocks ; Pins ; Virtual Pins ; Full Hierarchy Name                         ; Entity Name  ; Library Name ;
+----------------------------+---------------------+---------------------------+-------------------+------------+------+--------------+---------------------------------------------+--------------+--------------+
; |simple_3                  ; 32 (0)              ; 80 (0)                    ; 0                 ; 0          ; 65   ; 0            ; |simple_3                                   ; simple_3     ; work         ;
;    |simple_1:inst1|        ; 24 (0)              ; 56 (56)                   ; 0                 ; 0          ; 0    ; 0            ; |simple_3|simple_1:inst1                    ; simple_1     ; work         ;
;       |signed_adder:inst1| ; 8 (8)               ; 0 (0)                     ; 0                 ; 0          ; 0    ; 0            ; |simple_3|simple_1:inst1|signed_adder:inst1 ; signed_adder ; work         ;
;       |signed_adder:inst2| ; 8 (8)               ; 0 (0)                     ; 0                 ; 0          ; 0    ; 0            ; |simple_3|simple_1:inst1|signed_adder:inst2 ; signed_adder ; work         ;
;       |signed_adder:inst|  ; 8 (8)               ; 0 (0)                     ; 0                 ; 0          ; 0    ; 0            ; |simple_3|simple_1:inst1|signed_adder:inst  ; signed_adder ; work         ;
;    |simple_1:inst2|        ; 0 (0)               ; 8 (8)                     ; 0                 ; 0          ; 0    ; 0            ; |simple_3|simple_1:inst2                    ; simple_1     ; work         ;
;    |simple_1:inst3|        ; 0 (0)               ; 8 (8)                     ; 0                 ; 0          ; 0    ; 0            ; |simple_3|simple_1:inst3                    ; simple_1     ; work         ;
;    |simple_1:inst|         ; 8 (0)               ; 8 (8)                     ; 0                 ; 0          ; 0    ; 0            ; |simple_3|simple_1:inst                     ; simple_1     ; work         ;
;       |signed_sub:inst3|   ; 8 (8)               ; 0 (0)                     ; 0                 ; 0          ; 0    ; 0            ; |simple_3|simple_1:inst|signed_sub:inst3    ; signed_sub   ; work         ;
+----------------------------+---------------------+---------------------------+-------------------+------------+------+--------------+---------------------------------------------+--------------+--------------+
Note: For table entries with two numbers listed, the numbers in parentheses indicate the number of resources of the given type used by the specific entity alone. The numbers listed outside of parentheses indicate the total resources of the given type used by the specific entity and all of its sub-entities in the hierarchy.


+-------------------------------------------------------------------------------+
; Registers Removed During Synthesis                                            ;
+-----------------------------------------+-------------------------------------+
; Register name                           ; Reason for Removal                  ;
+-----------------------------------------+-------------------------------------+
; simple_1:inst2|inst9[7]                 ; Merged with simple_1:inst1|inst9[7] ;
; simple_1:inst3|inst9[7]                 ; Merged with simple_1:inst1|inst9[7] ;
; simple_1:inst|inst9[7]                  ; Merged with simple_1:inst1|inst9[7] ;
; simple_1:inst2|inst9[6]                 ; Merged with simple_1:inst1|inst9[6] ;
; simple_1:inst3|inst9[6]                 ; Merged with simple_1:inst1|inst9[6] ;
; simple_1:inst|inst9[6]                  ; Merged with simple_1:inst1|inst9[6] ;
; simple_1:inst2|inst9[5]                 ; Merged with simple_1:inst1|inst9[5] ;
; simple_1:inst3|inst9[5]                 ; Merged with simple_1:inst1|inst9[5] ;
; simple_1:inst|inst9[5]                  ; Merged with simple_1:inst1|inst9[5] ;
; simple_1:inst2|inst9[4]                 ; Merged with simple_1:inst1|inst9[4] ;
; simple_1:inst3|inst9[4]                 ; Merged with simple_1:inst1|inst9[4] ;
; simple_1:inst|inst9[4]                  ; Merged with simple_1:inst1|inst9[4] ;
; simple_1:inst2|inst9[3]                 ; Merged with simple_1:inst1|inst9[3] ;
; simple_1:inst3|inst9[3]                 ; Merged with simple_1:inst1|inst9[3] ;
; simple_1:inst|inst9[3]                  ; Merged with simple_1:inst1|inst9[3] ;
; simple_1:inst2|inst9[2]                 ; Merged with simple_1:inst1|inst9[2] ;
; simple_1:inst3|inst9[2]                 ; Merged with simple_1:inst1|inst9[2] ;
; simple_1:inst|inst9[2]                  ; Merged with simple_1:inst1|inst9[2] ;
; simple_1:inst2|inst9[1]                 ; Merged with simple_1:inst1|inst9[1] ;
; simple_1:inst3|inst9[1]                 ; Merged with simple_1:inst1|inst9[1] ;
; simple_1:inst|inst9[1]                  ; Merged with simple_1:inst1|inst9[1] ;
; simple_1:inst2|inst9[0]                 ; Merged with simple_1:inst1|inst9[0] ;
; simple_1:inst3|inst9[0]                 ; Merged with simple_1:inst1|inst9[0] ;
; simple_1:inst|inst9[0]                  ; Merged with simple_1:inst1|inst9[0] ;
; simple_1:inst2|inst8[7]                 ; Merged with simple_1:inst1|inst8[7] ;
; simple_1:inst3|inst8[7]                 ; Merged with simple_1:inst1|inst8[7] ;
; simple_1:inst|inst8[7]                  ; Merged with simple_1:inst1|inst8[7] ;
; simple_1:inst2|inst8[6]                 ; Merged with simple_1:inst1|inst8[6] ;
; simple_1:inst3|inst8[6]                 ; Merged with simple_1:inst1|inst8[6] ;
; simple_1:inst|inst8[6]                  ; Merged with simple_1:inst1|inst8[6] ;
; simple_1:inst2|inst8[5]                 ; Merged with simple_1:inst1|inst8[5] ;
; simple_1:inst3|inst8[5]                 ; Merged with simple_1:inst1|inst8[5] ;
; simple_1:inst|inst8[5]                  ; Merged with simple_1:inst1|inst8[5] ;
; simple_1:inst2|inst8[4]                 ; Merged with simple_1:inst1|inst8[4] ;
; simple_1:inst3|inst8[4]                 ; Merged with simple_1:inst1|inst8[4] ;
; simple_1:inst|inst8[4]                  ; Merged with simple_1:inst1|inst8[4] ;
; simple_1:inst2|inst8[3]                 ; Merged with simple_1:inst1|inst8[3] ;
; simple_1:inst3|inst8[3]                 ; Merged with simple_1:inst1|inst8[3] ;
; simple_1:inst|inst8[3]                  ; Merged with simple_1:inst1|inst8[3] ;
; simple_1:inst2|inst8[2]                 ; Merged with simple_1:inst1|inst8[2] ;
; simple_1:inst3|inst8[2]                 ; Merged with simple_1:inst1|inst8[2] ;
; simple_1:inst|inst8[2]                  ; Merged with simple_1:inst1|inst8[2] ;
; simple_1:inst2|inst8[1]                 ; Merged with simple_1:inst1|inst8[1] ;
; simple_1:inst3|inst8[1]                 ; Merged with simple_1:inst1|inst8[1] ;
; simple_1:inst|inst8[1]                  ; Merged with simple_1:inst1|inst8[1] ;
; simple_1:inst2|inst8[0]                 ; Merged with simple_1:inst1|inst8[0] ;
; simple_1:inst3|inst8[0]                 ; Merged with simple_1:inst1|inst8[0] ;
; simple_1:inst|inst8[0]                  ; Merged with simple_1:inst1|inst8[0] ;
; simple_1:inst2|inst7[7]                 ; Merged with simple_1:inst1|inst7[7] ;
; simple_1:inst3|inst7[7]                 ; Merged with simple_1:inst1|inst7[7] ;
; simple_1:inst|inst7[7]                  ; Merged with simple_1:inst1|inst7[7] ;
; simple_1:inst2|inst7[6]                 ; Merged with simple_1:inst1|inst7[6] ;
; simple_1:inst3|inst7[6]                 ; Merged with simple_1:inst1|inst7[6] ;
; simple_1:inst|inst7[6]                  ; Merged with simple_1:inst1|inst7[6] ;
; simple_1:inst2|inst7[5]                 ; Merged with simple_1:inst1|inst7[5] ;
; simple_1:inst3|inst7[5]                 ; Merged with simple_1:inst1|inst7[5] ;
; simple_1:inst|inst7[5]                  ; Merged with simple_1:inst1|inst7[5] ;
; simple_1:inst2|inst7[4]                 ; Merged with simple_1:inst1|inst7[4] ;
; simple_1:inst3|inst7[4]                 ; Merged with simple_1:inst1|inst7[4] ;
; simple_1:inst|inst7[4]                  ; Merged with simple_1:inst1|inst7[4] ;
; simple_1:inst2|inst7[3]                 ; Merged with simple_1:inst1|inst7[3] ;
; simple_1:inst3|inst7[3]                 ; Merged with simple_1:inst1|inst7[3] ;
; simple_1:inst|inst7[3]                  ; Merged with simple_1:inst1|inst7[3] ;
; simple_1:inst2|inst7[2]                 ; Merged with simple_1:inst1|inst7[2] ;
; simple_1:inst3|inst7[2]                 ; Merged with simple_1:inst1|inst7[2] ;
; simple_1:inst|inst7[2]                  ; Merged with simple_1:inst1|inst7[2] ;
; simple_1:inst2|inst7[1]                 ; Merged with simple_1:inst1|inst7[1] ;
; simple_1:inst3|inst7[1]                 ; Merged with simple_1:inst1|inst7[1] ;
; simple_1:inst|inst7[1]                  ; Merged with simple_1:inst1|inst7[1] ;
; simple_1:inst2|inst7[0]                 ; Merged with simple_1:inst1|inst7[0] ;
; simple_1:inst3|inst7[0]                 ; Merged with simple_1:inst1|inst7[0] ;
; simple_1:inst|inst7[0]                  ; Merged with simple_1:inst1|inst7[0] ;
; simple_1:inst2|inst5[7]                 ; Merged with simple_1:inst1|inst5[7] ;
; simple_1:inst3|inst5[7]                 ; Merged with simple_1:inst1|inst5[7] ;
; simple_1:inst|inst5[7]                  ; Merged with simple_1:inst1|inst5[7] ;
; simple_1:inst2|inst5[6]                 ; Merged with simple_1:inst1|inst5[6] ;
; simple_1:inst3|inst5[6]                 ; Merged with simple_1:inst1|inst5[6] ;
; simple_1:inst|inst5[6]                  ; Merged with simple_1:inst1|inst5[6] ;
; simple_1:inst2|inst5[5]                 ; Merged with simple_1:inst1|inst5[5] ;
; simple_1:inst3|inst5[5]                 ; Merged with simple_1:inst1|inst5[5] ;
; simple_1:inst|inst5[5]                  ; Merged with simple_1:inst1|inst5[5] ;
; simple_1:inst2|inst5[4]                 ; Merged with simple_1:inst1|inst5[4] ;
; simple_1:inst3|inst5[4]                 ; Merged with simple_1:inst1|inst5[4] ;
; simple_1:inst|inst5[4]                  ; Merged with simple_1:inst1|inst5[4] ;
; simple_1:inst2|inst5[3]                 ; Merged with simple_1:inst1|inst5[3] ;
; simple_1:inst3|inst5[3]                 ; Merged with simple_1:inst1|inst5[3] ;
; simple_1:inst|inst5[3]                  ; Merged with simple_1:inst1|inst5[3] ;
; simple_1:inst2|inst5[2]                 ; Merged with simple_1:inst1|inst5[2] ;
; simple_1:inst3|inst5[2]                 ; Merged with simple_1:inst1|inst5[2] ;
; simple_1:inst|inst5[2]                  ; Merged with simple_1:inst1|inst5[2] ;
; simple_1:inst2|inst5[1]                 ; Merged with simple_1:inst1|inst5[1] ;
; simple_1:inst3|inst5[1]                 ; Merged with simple_1:inst1|inst5[1] ;
; simple_1:inst|inst5[1]                  ; Merged with simple_1:inst1|inst5[1] ;
; simple_1:inst2|inst5[0]                 ; Merged with simple_1:inst1|inst5[0] ;
; simple_1:inst3|inst5[0]                 ; Merged with simple_1:inst1|inst5[0] ;
; simple_1:inst|inst5[0]                  ; Merged with simple_1:inst1|inst5[0] ;
; simple_1:inst2|inst4[7]                 ; Merged with simple_1:inst1|inst4[7] ;
; simple_1:inst3|inst4[7]                 ; Merged with simple_1:inst1|inst4[7] ;
; simple_1:inst|inst4[7]                  ; Merged with simple_1:inst1|inst4[7] ;
; simple_1:inst2|inst4[6]                 ; Merged with simple_1:inst1|inst4[6] ;
; simple_1:inst3|inst4[6]                 ; Merged with simple_1:inst1|inst4[6] ;
; simple_1:inst|inst4[6]                  ; Merged with simple_1:inst1|inst4[6] ;
; simple_1:inst2|inst4[5]                 ; Merged with simple_1:inst1|inst4[5] ;
; simple_1:inst3|inst4[5]                 ; Merged with simple_1:inst1|inst4[5] ;
; simple_1:inst|inst4[5]                  ; Merged with simple_1:inst1|inst4[5] ;
; simple_1:inst2|inst4[4]                 ; Merged with simple_1:inst1|inst4[4] ;
; simple_1:inst3|inst4[4]                 ; Merged with simple_1:inst1|inst4[4] ;
; simple_1:inst|inst4[4]                  ; Merged with simple_1:inst1|inst4[4] ;
; simple_1:inst2|inst4[3]                 ; Merged with simple_1:inst1|inst4[3] ;
; simple_1:inst3|inst4[3]                 ; Merged with simple_1:inst1|inst4[3] ;
; simple_1:inst|inst4[3]                  ; Merged with simple_1:inst1|inst4[3] ;
; simple_1:inst2|inst4[2]                 ; Merged with simple_1:inst1|inst4[2] ;
; simple_1:inst3|inst4[2]                 ; Merged with simple_1:inst1|inst4[2] ;
; simple_1:inst|inst4[2]                  ; Merged with simple_1:inst1|inst4[2] ;
; simple_1:inst2|inst4[1]                 ; Merged with simple_1:inst1|inst4[1] ;
; simple_1:inst3|inst4[1]                 ; Merged with simple_1:inst1|inst4[1] ;
; simple_1:inst|inst4[1]                  ; Merged with simple_1:inst1|inst4[1] ;
; simple_1:inst2|inst4[0]                 ; Merged with simple_1:inst1|inst4[0] ;
; simple_1:inst3|inst4[0]                 ; Merged with simple_1:inst1|inst4[0] ;
; simple_1:inst|inst4[0]                  ; Merged with simple_1:inst1|inst4[0] ;
; simple_1:inst2|inst6[7]                 ; Merged with simple_1:inst1|inst6[7] ;
; simple_1:inst3|inst6[7]                 ; Merged with simple_1:inst1|inst6[7] ;
; simple_1:inst|inst6[7]                  ; Merged with simple_1:inst1|inst6[7] ;
; simple_1:inst2|inst6[6]                 ; Merged with simple_1:inst1|inst6[6] ;
; simple_1:inst3|inst6[6]                 ; Merged with simple_1:inst1|inst6[6] ;
; simple_1:inst|inst6[6]                  ; Merged with simple_1:inst1|inst6[6] ;
; simple_1:inst2|inst6[5]                 ; Merged with simple_1:inst1|inst6[5] ;
; simple_1:inst3|inst6[5]                 ; Merged with simple_1:inst1|inst6[5] ;
; simple_1:inst|inst6[5]                  ; Merged with simple_1:inst1|inst6[5] ;
; simple_1:inst2|inst6[4]                 ; Merged with simple_1:inst1|inst6[4] ;
; simple_1:inst3|inst6[4]                 ; Merged with simple_1:inst1|inst6[4] ;
; simple_1:inst|inst6[4]                  ; Merged with simple_1:inst1|inst6[4] ;
; simple_1:inst2|inst6[3]                 ; Merged with simple_1:inst1|inst6[3] ;
; simple_1:inst3|inst6[3]                 ; Merged with simple_1:inst1|inst6[3] ;
; simple_1:inst|inst6[3]                  ; Merged with simple_1:inst1|inst6[3] ;
; simple_1:inst2|inst6[2]                 ; Merged with simple_1:inst1|inst6[2] ;
; simple_1:inst3|inst6[2]                 ; Merged with simple_1:inst1|inst6[2] ;
; simple_1:inst|inst6[2]                  ; Merged with simple_1:inst1|inst6[2] ;
; simple_1:inst2|inst6[1]                 ; Merged with simple_1:inst1|inst6[1] ;
; simple_1:inst3|inst6[1]                 ; Merged with simple_1:inst1|inst6[1] ;
; simple_1:inst|inst6[1]                  ; Merged with simple_1:inst1|inst6[1] ;
; simple_1:inst2|inst6[0]                 ; Merged with simple_1:inst1|inst6[0] ;
; simple_1:inst3|inst6[0]                 ; Merged with simple_1:inst1|inst6[0] ;
; simple_1:inst|inst6[0]                  ; Merged with simple_1:inst1|inst6[0] ;
; Total Number of Removed Registers = 144 ;                                     ;
+-----------------------------------------+-------------------------------------+


+------------------------------------------------------+
; General Register Statistics                          ;
+----------------------------------------------+-------+
; Statistic                                    ; Value ;
+----------------------------------------------+-------+
; Total registers                              ; 80    ;
; Number of registers using Synchronous Clear  ; 0     ;
; Number of registers using Synchronous Load   ; 0     ;
; Number of registers using Asynchronous Clear ; 0     ;
; Number of registers using Asynchronous Load  ; 0     ;
; Number of registers using Clock Enable       ; 0     ;
; Number of registers using Preset             ; 0     ;
+----------------------------------------------+-------+


+-----------------------------------------------------------------------------+
; Parameter Settings for User Entity Instance: simple_1:inst|signed_sub:inst3 ;
+----------------+-------+----------------------------------------------------+
; Parameter Name ; Value ; Type                                               ;
+----------------+-------+----------------------------------------------------+
; data_width     ; 8     ; Signed Integer                                     ;
+----------------+-------+----------------------------------------------------+
Note: In order to hide this table in the UI and the text report file, please set the "Show Parameter Settings in Synthesis Report" option in "Analysis and Synthesis Settings -> More Settings" to "Off".


+-------------------------------------------------------------------------------+
; Parameter Settings for User Entity Instance: simple_1:inst|signed_adder:inst2 ;
+----------------+-------+------------------------------------------------------+
; Parameter Name ; Value ; Type                                                 ;
+----------------+-------+------------------------------------------------------+
; data_width     ; 8     ; Signed Integer                                       ;
+----------------+-------+------------------------------------------------------+
Note: In order to hide this table in the UI and the text report file, please set the "Show Parameter Settings in Synthesis Report" option in "Analysis and Synthesis Settings -> More Settings" to "Off".


+------------------------------------------------------------------------------+
; Parameter Settings for User Entity Instance: simple_1:inst|signed_adder:inst ;
+----------------+-------+-----------------------------------------------------+
; Parameter Name ; Value ; Type                                                ;
+----------------+-------+-----------------------------------------------------+
; data_width     ; 8     ; Signed Integer                                      ;
+----------------+-------+-----------------------------------------------------+
Note: In order to hide this table in the UI and the text report file, please set the "Show Parameter Settings in Synthesis Report" option in "Analysis and Synthesis Settings -> More Settings" to "Off".


+-------------------------------------------------------------------------------+
; Parameter Settings for User Entity Instance: simple_1:inst|signed_adder:inst1 ;
+----------------+-------+------------------------------------------------------+
; Parameter Name ; Value ; Type                                                 ;
+----------------+-------+------------------------------------------------------+
; data_width     ; 8     ; Signed Integer                                       ;
+----------------+-------+------------------------------------------------------+
Note: In order to hide this table in the UI and the text report file, please set the "Show Parameter Settings in Synthesis Report" option in "Analysis and Synthesis Settings -> More Settings" to "Off".


+------------------------------------------------------------------------------+
; Parameter Settings for User Entity Instance: simple_1:inst1|signed_sub:inst3 ;
+----------------+-------+-----------------------------------------------------+
; Parameter Name ; Value ; Type                                                ;
+----------------+-------+-----------------------------------------------------+
; data_width     ; 8     ; Signed Integer                                      ;
+----------------+-------+-----------------------------------------------------+
Note: In order to hide this table in the UI and the text report file, please set the "Show Parameter Settings in Synthesis Report" option in "Analysis and Synthesis Settings -> More Settings" to "Off".


+--------------------------------------------------------------------------------+
; Parameter Settings for User Entity Instance: simple_1:inst1|signed_adder:inst2 ;
+----------------+-------+-------------------------------------------------------+
; Parameter Name ; Value ; Type                                                  ;
+----------------+-------+-------------------------------------------------------+
; data_width     ; 8     ; Signed Integer                                        ;
+----------------+-------+-------------------------------------------------------+
Note: In order to hide this table in the UI and the text report file, please set the "Show Parameter Settings in Synthesis Report" option in "Analysis and Synthesis Settings -> More Settings" to "Off".


+-------------------------------------------------------------------------------+
; Parameter Settings for User Entity Instance: simple_1:inst1|signed_adder:inst ;
+----------------+-------+------------------------------------------------------+
; Parameter Name ; Value ; Type                                                 ;
+----------------+-------+------------------------------------------------------+
; data_width     ; 8     ; Signed Integer                                       ;
+----------------+-------+------------------------------------------------------+
Note: In order to hide this table in the UI and the text report file, please set the "Show Parameter Settings in Synthesis Report" option in "Analysis and Synthesis Settings -> More Settings" to "Off".


+--------------------------------------------------------------------------------+
; Parameter Settings for User Entity Instance: simple_1:inst1|signed_adder:inst1 ;
+----------------+-------+-------------------------------------------------------+
; Parameter Name ; Value ; Type                                                  ;
+----------------+-------+-------------------------------------------------------+
; data_width     ; 8     ; Signed Integer                                        ;
+----------------+-------+-------------------------------------------------------+
Note: In order to hide this table in the UI and the text report file, please set the "Show Parameter Settings in Synthesis Report" option in "Analysis and Synthesis Settings -> More Settings" to "Off".


+------------------------------------------------------------------------------+
; Parameter Settings for User Entity Instance: simple_1:inst2|signed_sub:inst3 ;
+----------------+-------+-----------------------------------------------------+
; Parameter Name ; Value ; Type                                                ;
+----------------+-------+-----------------------------------------------------+
; data_width     ; 8     ; Signed Integer                                      ;
+----------------+-------+-----------------------------------------------------+
Note: In order to hide this table in the UI and the text report file, please set the "Show Parameter Settings in Synthesis Report" option in "Analysis and Synthesis Settings -> More Settings" to "Off".


+--------------------------------------------------------------------------------+
; Parameter Settings for User Entity Instance: simple_1:inst2|signed_adder:inst2 ;
+----------------+-------+-------------------------------------------------------+
; Parameter Name ; Value ; Type                                                  ;
+----------------+-------+-------------------------------------------------------+
; data_width     ; 8     ; Signed Integer                                        ;
+----------------+-------+-------------------------------------------------------+
Note: In order to hide this table in the UI and the text report file, please set the "Show Parameter Settings in Synthesis Report" option in "Analysis and Synthesis Settings -> More Settings" to "Off".


+-------------------------------------------------------------------------------+
; Parameter Settings for User Entity Instance: simple_1:inst2|signed_adder:inst ;
+----------------+-------+------------------------------------------------------+
; Parameter Name ; Value ; Type                                                 ;
+----------------+-------+------------------------------------------------------+
; data_width     ; 8     ; Signed Integer                                       ;
+----------------+-------+------------------------------------------------------+
Note: In order to hide this table in the UI and the text report file, please set the "Show Parameter Settings in Synthesis Report" option in "Analysis and Synthesis Settings -> More Settings" to "Off".


+--------------------------------------------------------------------------------+
; Parameter Settings for User Entity Instance: simple_1:inst2|signed_adder:inst1 ;
+----------------+-------+-------------------------------------------------------+
; Parameter Name ; Value ; Type                                                  ;
+----------------+-------+-------------------------------------------------------+
; data_width     ; 8     ; Signed Integer                                        ;
+----------------+-------+-------------------------------------------------------+
Note: In order to hide this table in the UI and the text report file, please set the "Show Parameter Settings in Synthesis Report" option in "Analysis and Synthesis Settings -> More Settings" to "Off".


+------------------------------------------------------------------------------+
; Parameter Settings for User Entity Instance: simple_1:inst3|signed_sub:inst3 ;
+----------------+-------+-----------------------------------------------------+
; Parameter Name ; Value ; Type                                                ;
+----------------+-------+-----------------------------------------------------+
; data_width     ; 8     ; Signed Integer                                      ;
+----------------+-------+-----------------------------------------------------+
Note: In order to hide this table in the UI and the text report file, please set the "Show Parameter Settings in Synthesis Report" option in "Analysis and Synthesis Settings -> More Settings" to "Off".


+--------------------------------------------------------------------------------+
; Parameter Settings for User Entity Instance: simple_1:inst3|signed_adder:inst2 ;
+----------------+-------+-------------------------------------------------------+
; Parameter Name ; Value ; Type                                                  ;
+----------------+-------+-------------------------------------------------------+
; data_width     ; 8     ; Signed Integer                                        ;
+----------------+-------+-------------------------------------------------------+
Note: In order to hide this table in the UI and the text report file, please set the "Show Parameter Settings in Synthesis Report" option in "Analysis and Synthesis Settings -> More Settings" to "Off".


+-------------------------------------------------------------------------------+
; Parameter Settings for User Entity Instance: simple_1:inst3|signed_adder:inst ;
+----------------+-------+------------------------------------------------------+
; Parameter Name ; Value ; Type                                                 ;
+----------------+-------+------------------------------------------------------+
; data_width     ; 8     ; Signed Integer                                       ;
+----------------+-------+------------------------------------------------------+
Note: In order to hide this table in the UI and the text report file, please set the "Show Parameter Settings in Synthesis Report" option in "Analysis and Synthesis Settings -> More Settings" to "Off".


+--------------------------------------------------------------------------------+
; Parameter Settings for User Entity Instance: simple_1:inst3|signed_adder:inst1 ;
+----------------+-------+-------------------------------------------------------+
; Parameter Name ; Value ; Type                                                  ;
+----------------+-------+-------------------------------------------------------+
; data_width     ; 8     ; Signed Integer                                        ;
+----------------+-------+-------------------------------------------------------+
Note: In order to hide this table in the UI and the text report file, please set the "Show Parameter Settings in Synthesis Report" option in "Analysis and Synthesis Settings -> More Settings" to "Off".


+-----------------------------------------------------+
; Post-Synthesis Netlist Statistics for Top Partition ;
+-----------------------+-----------------------------+
; Type                  ; Count                       ;
+-----------------------+-----------------------------+
; arriav_ff             ; 80                          ;
;     plain             ; 80                          ;
; arriav_lcell_comb     ; 32                          ;
;     arith             ; 24                          ;
;         2 data inputs ; 24                          ;
;     shared            ; 8                           ;
;         2 data inputs ; 8                           ;
; boundary_port         ; 65                          ;
;                       ;                             ;
; Max LUT depth         ; 1.70                        ;
; Average LUT depth     ; 0.98                        ;
+-----------------------+-----------------------------+


+-------------------------------+
; Elapsed Time Per Partition    ;
+----------------+--------------+
; Partition Name ; Elapsed Time ;
+----------------+--------------+
; Top            ; 00:00:01     ;
+----------------+--------------+


+-------------------------------+
; Analysis & Synthesis Messages ;
+-------------------------------+
Info: *******************************************************************
Info: Running Quartus Prime Analysis & Synthesis
    Info: Version 21.1.1 Build 850 06/23/2022 SJ Lite Edition
    Info: Processing started: Tue Nov 15 13:57:30 2022
Info: Command: quartus_map --read_settings_files=on --write_settings_files=off simple_1 -c simple_1
Warning (18236): Number of processors has not been specified which may cause overloading on shared machines.  Set the global assignment NUM_PARALLEL_PROCESSORS in your QSF to an appropriate value for best performance.
Info (20030): Parallel compilation is enabled and will use 4 of the 4 processors detected
Info (12021): Found 2 design units, including 1 entities, in source file signed_adder.vhd
    Info (12022): Found design unit 1: signed_adder-rtl File: /home/jm/github/captronic_formation_fpga_img_proc/quartus_proj/simple_1/signed_adder.vhd Line: 24
    Info (12023): Found entity 1: signed_adder File: /home/jm/github/captronic_formation_fpga_img_proc/quartus_proj/simple_1/signed_adder.vhd Line: 8
Info (12021): Found 1 design units, including 1 entities, in source file simple_1.bdf
    Info (12023): Found entity 1: simple_1
Info (12021): Found 2 design units, including 1 entities, in source file signed_sub.vhd
    Info (12022): Found design unit 1: signed_sub-rtl File: /home/jm/github/captronic_formation_fpga_img_proc/quartus_proj/simple_1/signed_sub.vhd Line: 24
    Info (12023): Found entity 1: signed_sub File: /home/jm/github/captronic_formation_fpga_img_proc/quartus_proj/simple_1/signed_sub.vhd Line: 8
Info (12021): Found 1 design units, including 1 entities, in source file simple_2.bdf
    Info (12023): Found entity 1: simple_2
Info (12021): Found 1 design units, including 1 entities, in source file simple_3.bdf
    Info (12023): Found entity 1: simple_3
Info (12021): Found 1 design units, including 1 entities, in source file simple_4.bdf
    Info (12023): Found entity 1: simple_4
Info (12021): Found 2 design units, including 1 entities, in source file add_signed8.vhd
    Info (12022): Found design unit 1: add_signed8-rtl File: /home/jm/github/captronic_formation_fpga_img_proc/quartus_proj/simple_1/add_signed8.vhd Line: 16
    Info (12023): Found entity 1: add_signed8 File: /home/jm/github/captronic_formation_fpga_img_proc/quartus_proj/simple_1/add_signed8.vhd Line: 6
Info (12127): Elaborating entity "simple_3" for the top level hierarchy
Info (12128): Elaborating entity "simple_1" for hierarchy "simple_1:inst"
Info (12128): Elaborating entity "signed_sub" for hierarchy "simple_1:inst|signed_sub:inst3"
Info (12128): Elaborating entity "signed_adder" for hierarchy "simple_1:inst|signed_adder:inst2"
Info (286030): Timing-Driven Synthesis is running
Info (16010): Generating hard_block partition "hard_block:auto_generated_inst"
    Info (16011): Adding 0 node(s), including 0 DDIO, 0 PLL, 0 transceiver and 0 LCELL
Info (21057): Implemented 153 device resources after synthesis - the final resource count might be different
    Info (21058): Implemented 33 input pins
    Info (21059): Implemented 32 output pins
    Info (21061): Implemented 88 logic cells
Info: Quartus Prime Analysis & Synthesis was successful. 0 errors, 1 warning
    Info: Peak virtual memory: 503 megabytes
    Info: Processing ended: Tue Nov 15 13:57:40 2022
    Info: Elapsed time: 00:00:10
    Info: Total CPU time (on all processors): 00:00:15


